/go-eCharger/072246/alw true
/go-eCharger/072246/acu 10
/go-eCharger/072246/adi true
/go-eCharger/072246/dwo null
/go-eCharger/072246/tpa 0
/go-eCharger/072246/eto 0
/go-eCharger/072246/lwf null
/go-eCharger/072246/ccw {"ssid":"...","encryptionType":3,"pairwiseCipher":4,"groupCipher":4,"b":true,"g":true,"n":true,"lr":false,"wps":false,"ftmResponder":false,"ftmInitiator":false,"channel":4,"bssid":"...","ip":"...","netmask":"255.255.255.0","gw":"...","ipv6":["..."]}
/go-eCharger/072246/dns {"dns0":"...","dns1":"0.0.0.0","dns2":"0.0.0.0"}
/go-eCharger/072246/rssi -65
/go-eCharger/072246/utc "2024-09-18T07:31:23.457"
/go-eCharger/072246/loc "2024-09-18T09:31:23.460 +02:00"
/go-eCharger/072246/lbr 29
/go-eCharger/072246/lmo 4
/go-eCharger/072246/ama 16
/go-eCharger/072246/clp [6,10,12,14,16]
/go-eCharger/072246/bac 1
/go-eCharger/072246/lbp null
/go-eCharger/072246/amp 20
/go-eCharger/072246/cid "#0000FF"
/go-eCharger/072246/cwc "#FFFF00"
/go-eCharger/072246/cch "#00FFFF"
/go-eCharger/072246/cfi "#00FF00"
/go-eCharger/072246/ust 1
/go-eCharger/072246/fsp false
/go-eCharger/072246/acs 0
/go-eCharger/072246/frc 0
/go-eCharger/072246/rbc 84
/go-eCharger/072246/rbt 812334
/go-eCharger/072246/car 1
/go-eCharger/072246/err 0
/go-eCharger/072246/cbl null
/go-eCharger/072246/pha [false,false,false,true,true,true]
/go-eCharger/072246/wh 0
/go-eCharger/072246/trx null
/go-eCharger/072246/fwv "56.9"
/go-eCharger/072246/cdi {"type":1,"value":0}
/go-eCharger/072246/lccfi null
/go-eCharger/072246/lccfc null
/go-eCharger/072246/lcctc null
/go-eCharger/072246/tma [22.875,27.625]
/go-eCharger/072246/amt 32
/go-eCharger/072246/nrg [232,232,231,1,0,0,0,0,0,0,0,0,0,0,0,0]
/go-eCharger/072246/modelStatus 7
/go-eCharger/072246/lmsc 39416
/go-eCharger/072246/mca 10
/go-eCharger/072246/awp 21
/go-eCharger/072246/awcp {"start":1726642800,"end":1726646400,"marketprice":10.24400043}
/go-eCharger/072246/att 21600
/go-eCharger/072246/ate 18000
/go-eCharger/072246/ara true
/go-eCharger/072246/pgrid null
/go-eCharger/072246/ppv null
/go-eCharger/072246/pakku null
/go-eCharger/072246/deltap 0
/go-eCharger/072246/var 11
/go-eCharger/072246/spl3 4200
/go-eCharger/072246/psm 2
/go-eCharger/072246/ocu ["56.9 BETA","56.8","V 56.1 OUTDATED","V 055.8 OUTDATED","V 055.7 OUTDATED","V 055.5 OUTDATED","V 055.0 OUTDATED"]
/go-eCharger/072246/cus 1
/go-eCharger/072246/fhz 49.95899963
/go-eCharger/072246/loa 10
/go-eCharger/072246/cards [{"name":"n/a","energy":0,"cardId":true},{"name":"n/a","energy":0,"cardId":false},{"name":"n/a","energy":0,"cardId":false},{"name":"n/a","energy":0,"cardId":false},{"name":"n/a","energy":0,"cardId":false},{"name":"n/a","energy":0,"cardId":false},{"name":"n/a","energy":0,"cardId":false},{"name":"n/a","energy":0,"cardId":false},{"name":"n/a","energy":0,"cardId":false},{"name":"n/a","energy":0,"cardId":false}]
/go-eCharger/072246/men false
/go-eCharger/072246/msp 502
/go-eCharger/072246/msb false
/go-eCharger/072246/msr true
/go-eCharger/072246/dll "https://data.v3.go-e.io/export?e=bLzcH8cuPxOD37DsUlE1xWwgh2zWNwkJJxw2bLo77Px3qrJi621Bqm-eWGT84_e0MRcEkEHjKlo4"
/go-eCharger/072246/hai true
/go-eCharger/072246/hla false
/go-eCharger/072246/rde false
/go-eCharger/072246/lri null
/go-eCharger/072246/tsi null
/go-eCharger/072246/lrc null
/go-eCharger/072246/lrr null
/go-eCharger/072246/lcs 792491
/go-eCharger/072246/csa false
/go-eCharger/072246/ctrls null
/go-eCharger/072246/ccd null
/go-eCharger/072246/tcl null
/go-eCharger/072246/nmo false
/go-eCharger/072246/oem "go-e"
/go-eCharger/072246/typ "go-eCharger"
/go-eCharger/072246/awc 1377
/go-eCharger/072246/frm 1
/go-eCharger/072246/fup true
/go-eCharger/072246/awe true
/go-eCharger/072246/fst 1400
/go-eCharger/072246/fmt 300000
/go-eCharger/072246/acp false
/go-eCharger/072246/fzf false
/go-eCharger/072246/pgt 0
/go-eCharger/072246/sh 200
/go-eCharger/072246/psh 500
/go-eCharger/072246/po -300
/go-eCharger/072246/zfo 200
/go-eCharger/072246/psmd 10000
/go-eCharger/072246/sumd 10000
/go-eCharger/072246/mpwst 120000
/go-eCharger/072246/mptwt 600000
/go-eCharger/072246/die true
/go-eCharger/072246/dii false
/go-eCharger/072246/la1 16
/go-eCharger/072246/la3 16
/go-eCharger/072246/di1 false
/go-eCharger/072246/pgr false
/go-eCharger/072246/pdi false
/go-eCharger/072246/cll {"adapterCurrentLimit":16,"awattar":10,"currentLimitMax":16,"loadLimit":10,"requestedCurrent":20,"temperatureCurrentLimit":32,"unsymetryCurrentLimit":32}
/go-eCharger/072246/ufe false
/go-eCharger/072246/ufm 0
/go-eCharger/072246/ufa 49.79999924
/go-eCharger/072246/ufs 49
/go-eCharger/072246/lbl null
/go-eCharger/072246/avgfhz 49.90586853
/go-eCharger/072246/tab 1726643871142
/go-eCharger/072246/lto 7200000
/go-eCharger/072246/evt null
/go-eCharger/072246/dsrc null
/go-eCharger/072246/pco ""
/go-eCharger/072246/rssi -66
/go-eCharger/072246/utc "2024-09-18T07:31:24.490"
/go-eCharger/072246/loc "2024-09-18T09:31:24.495 +02:00"
/go-eCharger/072246/rbt 813363
/go-eCharger/072246/nrg [232,231,232,1,0,0,0,0,0,0,0,0,0,0,0,0]
/go-eCharger/072246/fhz 49.84700012
/go-eCharger/072246/avgfhz 49.9029007
/go-eCharger/072246/utc "2024-09-18T07:31:25.453"
/go-eCharger/072246/loc "2024-09-18T09:31:25.461 +02:00"
/go-eCharger/072246/rbt 814330
/go-eCharger/072246/tma [23,27.5]
/go-eCharger/072246/fhz 49.94400024
/go-eCharger/072246/avgfhz 49.90246582
