/go-eCharger/072246/alw true
/go-eCharger/072246/acu 10
/go-eCharger/072246/adi true
/go-eCharger/072246/dwo null
/go-eCharger/072246/tpa 0
/go-eCharger/072246/eto 0
/go-eCharger/072246/lwf null
/go-eCharger/072246/ccw {"ssid":"redacted"}
/go-eCharger/072246/dns {"dns0":"redacted","dns1":"0.0.0.0","dns2":"0.0.0.0"}
/go-eCharger/072246/rssi -51
/go-eCharger/072246/utc "2023-04-21T15:41:28.732"
/go-eCharger/072246/loc "2023-04-21T17:41:28.739 +02:00"
/go-eCharger/072246/lbr 29
/go-eCharger/072246/lmo 3
/go-eCharger/072246/ama 16
/go-eCharger/072246/clp [6,10,12,14,16]
/go-eCharger/072246/bac 1
/go-eCharger/072246/lbp null
/go-eCharger/072246/amp 10
/go-eCharger/072246/cid "#0000FF"
/go-eCharger/072246/cwc "#FFFF00"
/go-eCharger/072246/cch "#00FFFF"
/go-eCharger/072246/cfi "#00FF00"
/go-eCharger/072246/ust 1
/go-eCharger/072246/fsp false
/go-eCharger/072246/acs 0
/go-eCharger/072246/frc 0
/go-eCharger/072246/rbc 75
/go-eCharger/072246/rbt 1319516
/go-eCharger/072246/car 1
/go-eCharger/072246/err 0
/go-eCharger/072246/cbl null
/go-eCharger/072246/pha [false,false,false,true,true,true]
/go-eCharger/072246/wh 0
/go-eCharger/072246/trx null
/go-eCharger/072246/fwv "055.6"
/go-eCharger/072246/cdi {"type":1,"value":0}
/go-eCharger/072246/lccfi null
/go-eCharger/072246/lccfc null
/go-eCharger/072246/lcctc null
/go-eCharger/072246/tma [19.625,24]
/go-eCharger/072246/amt 32
/go-eCharger/072246/nrg [230,235,233,1,0,0,0,0,0,0,0,0,0,0,0,0]
/go-eCharger/072246/modelStatus 15
/go-eCharger/072246/lmsc 13710
/go-eCharger/072246/mca 10
/go-eCharger/072246/awp 21
/go-eCharger/072246/awcp {"start":1682089200,"end":1682092800,"marketprice":9.007}
/go-eCharger/072246/att 21600
/go-eCharger/072246/ate 18000
/go-eCharger/072246/ara true
/go-eCharger/072246/pgrid null
/go-eCharger/072246/ppv null
/go-eCharger/072246/pakku null
/go-eCharger/072246/deltap 0
/go-eCharger/072246/var 11
/go-eCharger/072246/spl3 4200
/go-eCharger/072246/psm 2
/go-eCharger/072246/ocu ["055.5","055.6 BETA","V 053.3 OUTDATED","V 054.0 OUTDATED","V 054.11 OUTDATED","V 054.2 OUTDATED","V 054.3 OUTDATED","V 054.7 OUTDATED","V 055.0 OUTDATED"]
/go-eCharger/072246/cus 1
/go-eCharger/072246/fhz 49.986
/go-eCharger/072246/loa null
/go-eCharger/072246/cards [{"name":"n/a","energy":0,"cardId":true},{"name":"n/a","energy":0,"cardId":false},{"name":"n/a","energy":0,"cardId":false},{"name":"n/a","energy":0,"cardId":false},{"name":"n/a","energy":0,"cardId":false},{"name":"n/a","energy":0,"cardId":false},{"name":"n/a","energy":0,"cardId":false},{"name":"n/a","energy":0,"cardId":false},{"name":"n/a","energy":0,"cardId":false},{"name":"n/a","energy":0,"cardId":false}]
/go-eCharger/072246/men false
/go-eCharger/072246/msp 502
/go-eCharger/072246/msb false
/go-eCharger/072246/msr true
/go-eCharger/072246/dll "https://data.v3.go-e.io/export?e=redacted"
/go-eCharger/072246/hai true
/go-eCharger/072246/hla false
/go-eCharger/072246/rde false
/go-eCharger/072246/lri null
/go-eCharger/072246/tsi null
/go-eCharger/072246/lrc null
/go-eCharger/072246/lrr null
/go-eCharger/072246/lcs 1299761
/go-eCharger/072246/csa false
/go-eCharger/072246/ctrls null
/go-eCharger/072246/ccd null
/go-eCharger/072246/tcl null
/go-eCharger/072246/nmo false
/go-eCharger/072246/oem "go-e"
/go-eCharger/072246/typ "go-eCharger"
/go-eCharger/072246/awc 1
/go-eCharger/072246/frm 1
/go-eCharger/072246/fup true
/go-eCharger/072246/awe true
/go-eCharger/072246/fst 1400
/go-eCharger/072246/fmt 300000
/go-eCharger/072246/acp false
/go-eCharger/072246/fzf false
/go-eCharger/072246/pgt 0
/go-eCharger/072246/sh 200
/go-eCharger/072246/psh 500
/go-eCharger/072246/po -300
/go-eCharger/072246/zfo 200
/go-eCharger/072246/psmd 10000
/go-eCharger/072246/sumd 10000
/go-eCharger/072246/mpwst 120000
/go-eCharger/072246/mptwt 600000
/go-eCharger/072246/utc "2023-04-21T15:41:29.732"
/go-eCharger/072246/loc "2023-04-21T17:41:29.739 +02:00"
/go-eCharger/072246/rbt 1320516
/go-eCharger/072246/nrg [231,236,232,1,0,0,0,0,0,0,0,0,0,0,0,0]
/go-eCharger/072246/fhz 49.856
/go-eCharger/072246/utc "2023-04-21T15:41:30.734"
/go-eCharger/072246/loc "2023-04-21T17:41:30.743 +02:00"
/go-eCharger/072246/rbt 1321519
/go-eCharger/072246/nrg [230,235,233,1,0,0,0,0,0,0,0,0,0,0,0,0]
/go-eCharger/072246/fhz 49.864
/go-eCharger/072246/utc "2023-04-21T15:41:31.733"
/go-eCharger/072246/loc "2023-04-21T17:41:31.739 +02:00"
/go-eCharger/072246/rbt 1322517
/go-eCharger/072246/nrg [231,235,232,1,0,0,0,0,0,0,0,0,0,0,0,0]
/go-eCharger/072246/fhz 49.998
/go-eCharger/072246/utc "2023-04-21T15:41:32.746"
/go-eCharger/072246/loc "2023-04-21T17:41:32.753 +02:00"
/go-eCharger/072246/rbt 1323529
/go-eCharger/072246/nrg [230,236,232,1,0,0,0,0,0,0,0,0,0,0,0,0]
/go-eCharger/072246/fhz 49.855
/go-eCharger/072246/utc "2023-04-21T15:41:33.759"
/go-eCharger/072246/loc "2023-04-21T17:41:33.765 +02:00"
/go-eCharger/072246/rbt 1324541
/go-eCharger/072246/nrg [230,235,233,1,0,0,0,0,0,0,0,0,0,0,0,0]
/go-eCharger/072246/fhz 49.916
/go-eCharger/072246/utc "2023-04-21T15:41:34.741"
/go-eCharger/072246/loc "2023-04-21T17:41:34.749 +02:00"
/go-eCharger/072246/rbt 1325524
/go-eCharger/072246/nrg [231,235,232,1,0,0,0,0,0,0,0,0,0,0,0,0]
/go-eCharger/072246/fhz 49.9
/go-eCharger/072246/utc "2023-04-21T15:41:35.766"
/go-eCharger/072246/loc "2023-04-21T17:41:35.772 +02:00"
/go-eCharger/072246/rbt 1326548
/go-eCharger/072246/tma [19.625,23.875]
/go-eCharger/072246/nrg [230,236,233,1,0,0,0,0,0,0,0,0,0,0,0,0]
