/go-eCharger/072246/alw true
/go-eCharger/072246/acu 10
/go-eCharger/072246/adi true
/go-eCharger/072246/dwo null
/go-eCharger/072246/tpa 0
/go-eCharger/072246/eto 0
/go-eCharger/072246/lwf null
/go-eCharger/072246/ccw {"ssid":"redacted"}
/go-eCharger/072246/dns {"dns":"0.0.0.0"}
/go-eCharger/072246/rssi -50
/go-eCharger/072246/utc "2023-03-01T09:13:06.298"
/go-eCharger/072246/loc "2023-03-01T10:13:06.304 +01:00"
/go-eCharger/072246/lbr 29
/go-eCharger/072246/lmo 3
/go-eCharger/072246/ama 16
/go-eCharger/072246/clp [6,10,12,14,16]
/go-eCharger/072246/bac 1
/go-eCharger/072246/lbp null
/go-eCharger/072246/amp 10
/go-eCharger/072246/cid "#0000FF"
/go-eCharger/072246/cwc "#FFFF00"
/go-eCharger/072246/cch "#00FFFF"
/go-eCharger/072246/cfi "#00FF00"
/go-eCharger/072246/ust 1
/go-eCharger/072246/fsp false
/go-eCharger/072246/acs 0
/go-eCharger/072246/frc 0
/go-eCharger/072246/rbc 74
/go-eCharger/072246/rbt 3922003
/go-eCharger/072246/car 1
/go-eCharger/072246/err 0
/go-eCharger/072246/cbl null
/go-eCharger/072246/pha [false,false,false,true,true,true]
/go-eCharger/072246/wh 0
/go-eCharger/072246/trx null
/go-eCharger/072246/fwv "055.5"
/go-eCharger/072246/cdi {"type":1,"value":0}
/go-eCharger/072246/lccfi null
/go-eCharger/072246/lccfc null
/go-eCharger/072246/lcctc null
/go-eCharger/072246/tma [6.875,11]
/go-eCharger/072246/amt 32
/go-eCharger/072246/nrg [232,234,231,1,0,0,0,0,0,0,0,0,0,0,0,0]
/go-eCharger/072246/modelStatus 15
/go-eCharger/072246/lmsc 18861
/go-eCharger/072246/mca 10
/go-eCharger/072246/awp 21
/go-eCharger/072246/awcp {"start":1677661200,"end":1677664800,"marketprice":12.669}
/go-eCharger/072246/att 21600
/go-eCharger/072246/ate 18000
/go-eCharger/072246/ara true
/go-eCharger/072246/pgrid null
/go-eCharger/072246/ppv null
/go-eCharger/072246/pakku null
/go-eCharger/072246/deltap 0
/go-eCharger/072246/var 11
/go-eCharger/072246/spl3 4200
/go-eCharger/072246/psm 2
/go-eCharger/072246/ocu ["055.0","055.4 BETA","055.5 BETA","V 053.3 OUTDATED","V 054.0 OUTDATED","V 054.11 OUTDATED","V 054.2 OUTDATED","V 054.3 OUTDATED","V 054.7 OUTDATED"]
/go-eCharger/072246/cus 1
/go-eCharger/072246/fhz 49.996
/go-eCharger/072246/loa null
/go-eCharger/072246/cards [{"name":"n/a","energy":0,"cardId":true},{"name":"n/a","energy":0,"cardId":false},{"name":"n/a","energy":0,"cardId":false},{"name":"n/a","energy":0,"cardId":false},{"name":"n/a","energy":0,"cardId":false},{"name":"n/a","energy":0,"cardId":false},{"name":"n/a","energy":0,"cardId":false},{"name":"n/a","energy":0,"cardId":false},{"name":"n/a","energy":0,"cardId":false},{"name":"n/a","energy":0,"cardId":false}]
/go-eCharger/072246/men false
/go-eCharger/072246/msp 502
/go-eCharger/072246/msb false
/go-eCharger/072246/msr true
/go-eCharger/072246/dll "https://data.v3.go-e.io/export?e=redacted"
/go-eCharger/072246/hai true
/go-eCharger/072246/hla false
/go-eCharger/072246/rde false
/go-eCharger/072246/lri null
/go-eCharger/072246/tsi null
/go-eCharger/072246/lrc null
/go-eCharger/072246/lrr null
/go-eCharger/072246/lcs 3916423
/go-eCharger/072246/csa false
/go-eCharger/072246/ctrls null
/go-eCharger/072246/ccd null
/go-eCharger/072246/utc "2023-03-01T09:13:07.332"
/go-eCharger/072246/loc "2023-03-01T10:13:07.340 +01:00"
/go-eCharger/072246/rbt 3923037
/go-eCharger/072246/nrg [232,234,230,1,0,0,0,0,0,0,0,0,0,0,0,0]
/go-eCharger/072246/fhz 49.819
/go-eCharger/072246/utc "2023-03-01T09:13:08.297"
/go-eCharger/072246/loc "2023-03-01T10:13:08.303 +01:00"
/go-eCharger/072246/rbt 3924000
/go-eCharger/072246/nrg [231,234,231,1,0,0,0,0,0,0,0,0,0,0,0,0]
/go-eCharger/072246/fhz 49.859
/go-eCharger/072246/utc "2023-03-01T09:13:09.299"
/go-eCharger/072246/loc "2023-03-01T10:13:09.305 +01:00"
/go-eCharger/072246/rbt 3925002
/go-eCharger/072246/nrg [232,234,231,1,0,0,0,0,0,0,0,0,0,0,0,0]
/go-eCharger/072246/fhz 50.106
/go-eCharger/072246/utc "2023-03-01T09:13:10.297"
/go-eCharger/072246/loc "2023-03-01T10:13:10.304 +01:00"
/go-eCharger/072246/rbt 3926001
/go-eCharger/072246/nrg [231,234,231,1,0,0,0,0,0,0,0,0,0,0,0,0]
/go-eCharger/072246/fhz 49.922
